TN:
SF:src/__tests__/testHelpers.js
FN:11,runCliCommand
FN:32,apiRequest
FN:52,mockConsole
FN:58,(anonymous_3)
FN:59,(anonymous_4)
FN:60,(anonymous_5)
FN:63,(anonymous_6)
FNF:7
FNH:0
FNDA:0,runCliCommand
FNDA:0,apiRequest
FNDA:0,mockConsole
FNDA:0,(anonymous_3)
FNDA:0,(anonymous_4)
FNDA:0,(anonymous_5)
FNDA:0,(anonymous_6)
DA:4,0
DA:12,0
DA:13,0
DA:14,0
DA:16,0
DA:33,0
DA:34,0
DA:36,0
DA:44,0
DA:45,0
DA:53,0
DA:54,0
DA:55,0
DA:56,0
DA:58,0
DA:59,0
DA:60,0
DA:63,0
DA:64,0
DA:65,0
DA:68,0
LF:21
LH:0
BRDA:17,0,0,0
BRDA:17,0,1,0
BRDA:18,1,0,0
BRDA:18,1,1,0
BRDA:41,2,0,0
BRDA:41,2,1,0
BRF:6
BRH:0
end_of_record
TN:
SF:src/api/server.js
FN:17,(anonymous_0)
FN:26,(anonymous_1)
FN:48,(anonymous_2)
FN:88,(anonymous_3)
FN:108,(anonymous_4)
FN:130,(anonymous_5)
FN:143,(anonymous_6)
FN:153,(anonymous_7)
FN:158,(anonymous_8)
FN:163,(anonymous_9)
FN:165,(anonymous_10)
FNF:11
FNH:0
FNDA:0,(anonymous_0)
FNDA:0,(anonymous_1)
FNDA:0,(anonymous_2)
FNDA:0,(anonymous_3)
FNDA:0,(anonymous_4)
FNDA:0,(anonymous_5)
FNDA:0,(anonymous_6)
FNDA:0,(anonymous_7)
FNDA:0,(anonymous_8)
FNDA:0,(anonymous_9)
FNDA:0,(anonymous_10)
DA:7,0
DA:8,0
DA:11,0
DA:12,0
DA:17,0
DA:18,0
DA:19,0
DA:26,0
DA:27,0
DA:29,0
DA:30,0
DA:33,0
DA:34,0
DA:37,0
DA:38,0
DA:41,0
DA:42,0
DA:48,0
DA:49,0
DA:50,0
DA:53,0
DA:60,0
DA:77,0
DA:78,0
DA:88,0
DA:89,0
DA:91,0
DA:98,0
DA:100,0
DA:101,0
DA:108,0
DA:109,0
DA:110,0
DA:111,0
DA:113,0
DA:114,0
DA:120,0
DA:122,0
DA:123,0
DA:130,0
DA:131,0
DA:132,0
DA:133,0
DA:135,0
DA:136,0
DA:143,0
DA:144,0
DA:153,0
DA:154,0
DA:158,0
DA:159,0
DA:163,0
DA:164,0
DA:165,0
DA:166,0
DA:167,0
LF:56
LH:0
BRDA:8,0,0,0
BRDA:8,0,1,0
BRDA:21,1,0,0
BRDA:21,1,1,0
BRDA:27,2,0,0
BRDA:27,3,0,0
BRDA:27,4,0,0
BRDA:29,5,0,0
BRDA:29,5,1,0
BRDA:33,6,0,0
BRDA:33,6,1,0
BRDA:33,7,0,0
BRDA:33,7,1,0
BRDA:37,8,0,0
BRDA:37,8,1,0
BRDA:37,9,0,0
BRDA:37,9,1,0
BRDA:37,9,2,0
BRDA:68,10,0,0
BRDA:68,10,1,0
BRDA:113,11,0,0
BRDA:113,11,1,0
BRDA:147,12,0,0
BRDA:147,12,1,0
BRDA:148,13,0,0
BRDA:148,13,1,0
BRF:26
BRH:0
end_of_record
TN:
SF:src/cli/tax-cli.js
FN:33,apiRequest
FN:60,formatCurrency
FN:78,(anonymous_2)
FN:119,(anonymous_3)
FN:123,(anonymous_4)
FN:146,(anonymous_5)
FN:157,(anonymous_6)
FN:173,(anonymous_7)
FN:185,(anonymous_8)
FN:205,(anonymous_9)
FNF:10
FNH:0
FNDA:0,apiRequest
FNDA:0,formatCurrency
FNDA:0,(anonymous_2)
FNDA:0,(anonymous_3)
FNDA:0,(anonymous_4)
FNDA:0,(anonymous_5)
FNDA:0,(anonymous_6)
FNDA:0,(anonymous_7)
FNDA:0,(anonymous_8)
FNDA:0,(anonymous_9)
DA:8,0
DA:11,0
DA:14,0
DA:26,0
DA:34,0
DA:35,0
DA:37,0
DA:38,0
DA:46,0
DA:48,0
DA:49,0
DA:52,0
DA:54,0
DA:55,0
DA:61,0
DA:70,0
DA:79,0
DA:80,0
DA:93,0
DA:98,0
DA:109,0
DA:110,0
DA:113,0
DA:114,0
DA:119,0
DA:120,0
DA:121,0
DA:123,0
DA:125,0
DA:129,0
DA:133,0
DA:134,0
DA:137,0
DA:138,0
DA:143,0
DA:147,0
DA:148,0
DA:152,0
DA:157,0
DA:158,0
DA:161,0
DA:162,0
DA:164,0
DA:165,0
DA:170,0
DA:174,0
DA:175,0
DA:180,0
DA:185,0
DA:186,0
DA:187,0
DA:189,0
DA:193,0
DA:194,0
DA:196,0
DA:197,0
DA:202,0
DA:206,0
DA:207,0
DA:209,0
DA:214,0
DA:221,0
DA:222,0
DA:224,0
DA:225,0
DA:230,0
DA:231,0
DA:235,0
LF:68
LH:0
BRDA:33,0,0,0
BRDA:34,1,0,0
BRDA:43,2,0,0
BRDA:43,2,1,0
BRDA:48,3,0,0
BRDA:48,3,1,0
BRDA:49,4,0,0
BRDA:49,4,1,0
BRDA:60,5,0,0
BRDA:102,6,0,0
BRDA:102,6,1,0
BRDA:113,7,0,0
BRDA:113,7,1,0
BRDA:120,8,0,0
BRDA:120,8,1,0
BRDA:120,9,0,0
BRDA:120,9,1,0
BRDA:125,10,0,0
BRDA:125,10,1,0
BRDA:186,11,0,0
BRDA:186,11,1,0
BRDA:230,12,0,0
BRDA:230,12,1,0
BRF:23
BRH:0
end_of_record
