TN:
SF:js/components/countrySelection.js
FN:4,renderCountrySelection
FN:8,(anonymous_1)
FN:9,(anonymous_2)
FN:47,renderCountryCheckboxes
FN:48,(anonymous_4)
FN:64,generateYearOptions
FNF:6
FNH:0
FNDA:0,renderCountrySelection
FNDA:0,(anonymous_1)
FNDA:0,(anonymous_2)
FNDA:0,renderCountryCheckboxes
FNDA:0,(anonymous_4)
FNDA:0,generateYearOptions
DA:5,0
DA:6,0
DA:7,0
DA:8,0
DA:9,0
DA:14,0
DA:44,0
DA:48,0
DA:65,0
DA:66,0
DA:68,0
DA:69,0
DA:72,0
LF:13
LH:0
BRDA:55,0,0,0
BRDA:55,0,1,0
BRDA:69,1,0,0
BRDA:69,1,1,0
BRF:4
BRH:0
end_of_record
TN:
SF:js/components/familyBenefitsForm.js
FN:4,renderFamilyBenefitsForm
FN:42,renderChildrenList
FN:45,(anonymous_2)
FN:106,renderChildBenefits
FN:135,(anonymous_4)
FN:151,renderAvailableBenefits
FN:193,(anonymous_6)
FNF:7
FNH:0
FNDA:0,renderFamilyBenefitsForm
FNDA:0,renderChildrenList
FNDA:0,(anonymous_2)
FNDA:0,renderChildBenefits
FNDA:0,(anonymous_4)
FNDA:0,renderAvailableBenefits
FNDA:0,(anonymous_6)
DA:5,0
DA:6,0
DA:8,0
DA:39,0
DA:43,0
DA:45,0
DA:108,0
DA:111,0
DA:112,0
DA:120,0
DA:121,0
DA:129,0
DA:131,0
DA:135,0
DA:153,0
DA:154,0
DA:157,0
DA:158,0
DA:166,0
DA:175,0
DA:176,0
DA:185,0
DA:186,0
DA:193,0
LF:24
LH:0
BRDA:6,0,0,0
BRDA:6,0,1,0
BRDA:17,1,0,0
BRDA:17,1,1,0
BRDA:27,2,0,0
BRDA:27,2,1,0
BRDA:43,3,0,0
BRDA:43,3,1,0
BRDA:57,4,0,0
BRDA:57,4,1,0
BRDA:64,5,0,0
BRDA:64,5,1,0
BRDA:71,6,0,0
BRDA:71,6,1,0
BRDA:81,7,0,0
BRDA:81,7,1,0
BRDA:91,8,0,0
BRDA:91,8,1,0
BRDA:111,9,0,0
BRDA:111,9,1,0
BRDA:120,10,0,0
BRDA:120,10,1,0
BRDA:129,11,0,0
BRDA:129,11,1,0
BRDA:157,12,0,0
BRDA:157,12,1,0
BRDA:175,13,0,0
BRDA:175,13,1,0
BRDA:185,14,0,0
BRDA:185,14,1,0
BRF:30
BRH:0
end_of_record
TN:
SF:js/components/personalDataForm.js
FN:3,renderPersonalDataForm
FNF:1
FNH:0
FNDA:0,renderPersonalDataForm
DA:4,0
DA:5,0
DA:6,0
DA:7,0
DA:9,0
DA:57,0
LF:6
LH:0
BRDA:5,0,0,0
BRDA:5,0,1,0
BRDA:6,1,0,0
BRDA:6,1,1,0
BRDA:7,2,0,0
BRDA:7,2,1,0
BRDA:18,3,0,0
BRDA:18,3,1,0
BRDA:19,4,0,0
BRDA:19,4,1,0
BRDA:20,5,0,0
BRDA:20,5,1,0
BRDA:21,6,0,0
BRDA:21,6,1,0
BRDA:22,7,0,0
BRDA:22,7,1,0
BRDA:26,8,0,0
BRDA:26,8,1,0
BRDA:26,9,0,0
BRDA:26,9,1,0
BRDA:30,10,0,0
BRDA:30,10,1,0
BRDA:31,11,0,0
BRDA:31,11,1,0
BRDA:32,12,0,0
BRDA:32,12,1,0
BRDA:33,13,0,0
BRDA:33,13,1,0
BRDA:34,14,0,0
BRDA:34,14,1,0
BRDA:42,15,0,0
BRDA:42,15,1,0
BRDA:43,16,0,0
BRDA:43,16,1,0
BRDA:44,17,0,0
BRDA:44,17,1,0
BRF:36
BRH:0
end_of_record
TN:
SF:js/services/appInitializer.js
FN:6,initializeApp
FN:46,loadConfig
FNF:2
FNH:0
FNDA:0,initializeApp
FNDA:0,loadConfig
DA:7,0
DA:9,0
DA:10,0
DA:12,0
DA:13,0
DA:17,0
DA:18,0
DA:21,0
DA:35,0
DA:37,0
DA:38,0
DA:47,0
DA:48,0
DA:49,0
DA:50,0
DA:52,0
DA:54,0
DA:55,0
LF:18
LH:0
BRDA:12,0,0,0
BRDA:12,0,1,0
BRDA:12,1,0,0
BRDA:12,1,1,0
BRDA:49,2,0,0
BRDA:49,2,1,0
BRF:6
BRH:0
end_of_record
TN:
SF:js/services/benefitCalculator.js
FN:7,calculateBenefits
FN:14,(anonymous_1)
FN:33,calculateCountryBenefits
FN:77,(anonymous_3)
FN:92,(anonymous_4)
FN:115,(anonymous_5)
FN:157,calculateChildrenBenefits
FN:163,(anonymous_7)
FN:203,calculateTotalBenefits
FN:208,(anonymous_9)
FN:220,(anonymous_10)
FN:233,getBenefitInfo
FNF:12
FNH:0
FNDA:0,calculateBenefits
FNDA:0,(anonymous_1)
FNDA:0,calculateCountryBenefits
FNDA:0,(anonymous_3)
FNDA:0,(anonymous_4)
FNDA:0,(anonymous_5)
FNDA:0,calculateChildrenBenefits
FNDA:0,(anonymous_7)
FNDA:0,calculateTotalBenefits
FNDA:0,(anonymous_9)
FNDA:0,(anonymous_10)
FNDA:0,getBenefitInfo
DA:8,0
DA:9,0
DA:11,0
DA:14,0
DA:15,0
DA:16,0
DA:18,0
DA:22,0
DA:24,0
DA:34,0
DA:35,0
DA:36,0
DA:43,0
DA:46,0
DA:48,0
DA:56,0
DA:57,0
DA:61,0
DA:63,0
DA:65,0
DA:66,0
DA:68,0
DA:69,0
DA:77,0
DA:78,0
DA:81,0
DA:82,0
DA:83,0
DA:92,0
DA:93,0
DA:96,0
DA:99,0
DA:100,0
DA:109,0
DA:111,0
DA:112,0
DA:113,0
DA:115,0
DA:116,0
DA:118,0
DA:120,0
DA:121,0
DA:124,0
DA:125,0
DA:126,0
DA:134,0
DA:135,0
DA:146,0
DA:148,0
DA:158,0
DA:163,0
DA:164,0
DA:173,0
DA:175,0
DA:182,0
DA:183,0
DA:192,0
DA:195,0
DA:204,0
DA:207,0
DA:208,0
DA:209,0
DA:214,0
DA:215,0
DA:219,0
DA:220,0
DA:221,0
DA:225,0
DA:235,0
DA:298,0
LF:70
LH:0
BRDA:9,0,0,0
BRDA:9,0,1,0
BRDA:16,1,0,0
BRDA:16,1,1,0
BRDA:43,2,0,0
BRDA:43,2,1,0
BRDA:43,3,0,0
BRDA:43,3,1,0
BRDA:46,4,0,0
BRDA:46,4,1,0
BRDA:46,5,0,0
BRDA:46,5,1,0
BRDA:56,6,0,0
BRDA:56,6,1,0
BRDA:56,7,0,0
BRDA:56,7,1,0
BRDA:61,8,0,0
BRDA:61,8,1,0
BRDA:63,9,0,0
BRDA:63,9,1,0
BRDA:63,10,0,0
BRDA:63,10,1,0
BRDA:68,11,0,0
BRDA:68,11,1,0
BRDA:81,12,0,0
BRDA:81,12,1,0
BRDA:96,13,0,0
BRDA:96,13,1,0
BRDA:109,14,0,0
BRDA:109,14,1,0
BRDA:111,15,0,0
BRDA:111,15,1,0
BRDA:111,16,0,0
BRDA:111,16,1,0
BRDA:116,17,0,0
BRDA:116,17,1,0
BRDA:116,18,0,0
BRDA:116,18,1,0
BRDA:116,18,2,0
BRDA:120,19,0,0
BRDA:120,19,1,0
BRDA:121,20,0,0
BRDA:121,20,1,0
BRDA:127,21,0,0
BRDA:127,21,1,0
BRDA:134,22,0,0
BRDA:134,22,1,0
BRDA:173,23,0,0
BRDA:173,23,1,0
BRDA:173,24,0,0
BRDA:173,24,1,0
BRDA:173,24,2,0
BRDA:182,25,0,0
BRDA:182,25,1,0
BRDA:207,26,0,0
BRDA:207,26,1,0
BRDA:209,27,0,0
BRDA:209,27,1,0
BRDA:214,28,0,0
BRDA:214,28,1,0
BRDA:214,29,0,0
BRDA:214,29,1,0
BRDA:219,30,0,0
BRDA:219,30,1,0
BRDA:221,31,0,0
BRDA:221,31,1,0
BRDA:298,32,0,0
BRDA:298,32,1,0
BRF:68
BRH:0
end_of_record
TN:
SF:js/services/dataService.js
FN:12,loadCountryData
FN:36,initCountryData
FN:46,(anonymous_2)
FN:96,getCountryData
FN:104,getAllCountries
FN:112,getEUCountries
FN:114,(anonymous_6)
FN:122,getBenefitConfig
FN:130,getBusinessTypes
FN:146,calculateFamilyBenefits
FN:150,(anonymous_10)
FN:152,(anonymous_11)
FN:194,calculateTax
FN:210,(anonymous_13)
FN:248,validateDays
FN:250,(anonymous_15)
FN:265,isLeapYear
FN:275,getTaxTreaty
FN:301,calculateSocialSecurity
FNF:19
FNH:0
FNDA:0,loadCountryData
FNDA:0,initCountryData
FNDA:0,(anonymous_2)
FNDA:0,getCountryData
FNDA:0,getAllCountries
FNDA:0,getEUCountries
FNDA:0,(anonymous_6)
FNDA:0,getBenefitConfig
FNDA:0,getBusinessTypes
FNDA:0,calculateFamilyBenefits
FNDA:0,(anonymous_10)
FNDA:0,(anonymous_11)
FNDA:0,calculateTax
FNDA:0,(anonymous_13)
FNDA:0,validateDays
FNDA:0,(anonymous_15)
FNDA:0,isLeapYear
FNDA:0,getTaxTreaty
FNDA:0,calculateSocialSecurity
DA:2,0
DA:3,0
DA:6,0
DA:13,0
DA:14,0
DA:15,0
DA:16,0
DA:18,0
DA:21,0
DA:22,0
DA:23,0
DA:26,0
DA:28,0
DA:29,0
DA:37,0
DA:38,0
DA:42,0
DA:43,0
DA:46,0
DA:47,0
DA:48,0
DA:97,0
DA:105,0
DA:113,0
DA:114,0
DA:123,0
DA:131,0
DA:147,0
DA:148,0
DA:150,0
DA:152,0
DA:153,0
DA:154,0
DA:155,0
DA:156,0
DA:159,0
DA:162,0
DA:164,0
DA:168,0
DA:171,0
DA:172,0
DA:183,0
DA:195,0
DA:196,0
DA:197,0
DA:201,0
DA:202,0
DA:205,0
DA:206,0
DA:207,0
DA:210,0
DA:212,0
DA:213,0
DA:215,0
DA:220,0
DA:221,0
DA:222,0
DA:226,0
DA:230,0
DA:231,0
DA:233,0
DA:249,0
DA:250,0
DA:252,0
DA:266,0
DA:278,0
DA:279,0
DA:291,0
DA:302,0
DA:303,0
DA:304,0
DA:309,0
DA:310,0
DA:313,0
DA:314,0
DA:316,0
LF:76
LH:0
BRDA:15,0,0,0
BRDA:15,0,1,0
BRDA:22,1,0,0
BRDA:22,1,1,0
BRDA:37,2,0,0
BRDA:37,2,1,0
BRDA:42,3,0,0
BRDA:42,3,1,0
BRDA:97,4,0,0
BRDA:97,4,1,0
BRDA:148,5,0,0
BRDA:148,5,1,0
BRDA:153,6,0,0
BRDA:153,6,1,0
BRDA:154,7,0,0
BRDA:154,7,1,0
BRDA:155,8,0,0
BRDA:155,8,1,0
BRDA:156,9,0,0
BRDA:156,9,1,0
BRDA:159,10,0,0
BRDA:159,10,1,0
BRDA:162,11,0,0
BRDA:162,11,1,0
BRDA:164,12,0,0
BRDA:164,12,1,0
BRDA:164,12,2,0
BRDA:164,12,3,0
BRDA:164,12,4,0
BRDA:164,12,5,0
BRDA:168,13,0,0
BRDA:168,13,1,0
BRDA:171,14,0,0
BRDA:171,14,1,0
BRDA:177,15,0,0
BRDA:177,15,1,0
BRDA:194,16,0,0
BRDA:196,17,0,0
BRDA:196,17,1,0
BRDA:201,18,0,0
BRDA:201,18,1,0
BRDA:205,19,0,0
BRDA:205,19,1,0
BRDA:205,20,0,0
BRDA:205,20,1,0
BRDA:213,21,0,0
BRDA:213,21,1,0
BRDA:230,22,0,0
BRDA:230,22,1,0
BRDA:230,23,0,0
BRDA:230,23,1,0
BRDA:236,24,0,0
BRDA:236,24,1,0
BRDA:237,25,0,0
BRDA:237,25,1,0
BRDA:249,26,0,0
BRDA:249,26,1,0
BRDA:250,27,0,0
BRDA:250,27,1,0
BRDA:266,28,0,0
BRDA:266,28,1,0
BRDA:266,28,2,0
BRDA:278,29,0,0
BRDA:278,29,1,0
BRDA:278,30,0,0
BRDA:278,30,1,0
BRDA:278,30,2,0
BRDA:278,30,3,0
BRDA:303,31,0,0
BRDA:303,31,1,0
BRDA:309,32,0,0
BRDA:309,32,1,0
BRDA:313,33,0,0
BRDA:313,33,1,0
BRDA:320,34,0,0
BRDA:320,34,1,0
BRF:76
BRH:0
end_of_record
TN:
SF:js/services/eventHandlers.js
FN:9,setupEventListeners
FN:11,(anonymous_1)
FN:18,(anonymous_2)
FN:25,(anonymous_3)
FN:32,(anonymous_4)
FN:39,(anonymous_5)
FN:46,(anonymous_6)
FN:53,(anonymous_7)
FN:60,(anonymous_8)
FN:72,(anonymous_9)
FN:83,handleCountrySelection
FN:100,handleBusinessTypeChange
FN:115,handleDaysInputChange
FN:131,handleFinancialInputChange
FN:147,handleVatCheckboxChange
FN:162,handleCitizenCheckboxChange
FN:177,handlePersonalDataChange
FN:194,handleYearChange
FN:205,addChild
FN:227,removeChild
FN:246,debounce
FN:248,executedFunction
FN:249,(anonymous_22)
FNF:23
FNH:0
FNDA:0,setupEventListeners
FNDA:0,(anonymous_1)
FNDA:0,(anonymous_2)
FNDA:0,(anonymous_3)
FNDA:0,(anonymous_4)
FNDA:0,(anonymous_5)
FNDA:0,(anonymous_6)
FNDA:0,(anonymous_7)
FNDA:0,(anonymous_8)
FNDA:0,(anonymous_9)
FNDA:0,handleCountrySelection
FNDA:0,handleBusinessTypeChange
FNDA:0,handleDaysInputChange
FNDA:0,handleFinancialInputChange
FNDA:0,handleVatCheckboxChange
FNDA:0,handleCitizenCheckboxChange
FNDA:0,handlePersonalDataChange
FNDA:0,handleYearChange
FNDA:0,addChild
FNDA:0,removeChild
FNDA:0,debounce
FNDA:0,executedFunction
FNDA:0,(anonymous_22)
DA:11,0
DA:12,0
DA:13,0
DA:18,0
DA:19,0
DA:20,0
DA:25,0
DA:26,0
DA:27,0
DA:32,0
DA:33,0
DA:34,0
DA:39,0
DA:40,0
DA:41,0
DA:46,0
DA:47,0
DA:48,0
DA:53,0
DA:54,0
DA:55,0
DA:60,0
DA:61,0
DA:62,0
DA:63,0
DA:64,0
DA:65,0
DA:66,0
DA:67,0
DA:72,0
DA:73,0
DA:74,0
DA:84,0
DA:85,0
DA:87,0
DA:88,0
DA:90,0
DA:93,0
DA:101,0
DA:102,0
DA:103,0
DA:105,0
DA:106,0
DA:107,0
DA:116,0
DA:117,0
DA:118,0
DA:119,0
DA:121,0
DA:122,0
DA:123,0
DA:132,0
DA:133,0
DA:134,0
DA:135,0
DA:137,0
DA:138,0
DA:139,0
DA:148,0
DA:149,0
DA:150,0
DA:152,0
DA:153,0
DA:154,0
DA:163,0
DA:164,0
DA:165,0
DA:167,0
DA:168,0
DA:169,0
DA:178,0
DA:179,0
DA:181,0
DA:182,0
DA:185,0
DA:186,0
DA:195,0
DA:196,0
DA:197,0
DA:198,0
DA:206,0
DA:207,0
DA:210,0
DA:219,0
DA:220,0
DA:228,0
DA:232,0
DA:235,0
DA:236,0
DA:248,0
DA:249,0
DA:250,0
DA:251,0
DA:253,0
DA:254,0
LF:95
LH:0
BRDA:12,0,0,0
BRDA:12,0,1,0
BRDA:19,1,0,0
BRDA:19,1,1,0
BRDA:26,2,0,0
BRDA:26,2,1,0
BRDA:33,3,0,0
BRDA:33,3,1,0
BRDA:40,4,0,0
BRDA:40,4,1,0
BRDA:47,5,0,0
BRDA:47,5,1,0
BRDA:54,6,0,0
BRDA:54,6,1,0
BRDA:61,7,0,0
BRDA:61,7,1,0
BRDA:64,8,0,0
BRDA:64,8,1,0
BRDA:73,9,0,0
BRDA:73,9,1,0
BRDA:87,10,0,0
BRDA:87,10,1,0
BRDA:105,11,0,0
BRDA:105,11,1,0
BRDA:119,12,0,0
BRDA:119,12,1,0
BRDA:121,13,0,0
BRDA:121,13,1,0
BRDA:121,14,0,0
BRDA:121,14,1,0
BRDA:121,14,2,0
BRDA:134,15,0,0
BRDA:134,15,1,0
BRDA:135,16,0,0
BRDA:135,16,1,0
BRDA:137,17,0,0
BRDA:137,17,1,0
BRDA:152,18,0,0
BRDA:152,18,1,0
BRDA:167,19,0,0
BRDA:167,19,1,0
BRDA:181,20,0,0
BRDA:181,20,1,0
BRDA:196,21,0,0
BRDA:196,21,1,0
BRDA:206,22,0,0
BRDA:206,22,1,0
BRDA:228,23,0,0
BRDA:228,23,1,0
BRDA:228,24,0,0
BRDA:228,24,1,0
BRDA:228,24,2,0
BRF:52
BRH:0
end_of_record
TN:
SF:js/services/hintService.js
FN:65,loadHints
FN:97,getCountryHints
FN:123,getColumnHint
FN:134,initializeTooltips
FN:138,(anonymous_4)
FN:147,(anonymous_5)
FN:162,createHelpIcon
FN:182,addTableHeaderHelp
FN:187,(anonymous_8)
FN:206,showCountryInfoModal
FN:225,(anonymous_10)
FN:232,(anonymous_11)
FNF:12
FNH:0
FNDA:0,loadHints
FNDA:0,getCountryHints
FNDA:0,getColumnHint
FNDA:0,initializeTooltips
FNDA:0,(anonymous_4)
FNDA:0,(anonymous_5)
FNDA:0,createHelpIcon
FNDA:0,addTableHeaderHelp
FNDA:0,(anonymous_8)
FNDA:0,showCountryInfoModal
FNDA:0,(anonymous_10)
FNDA:0,(anonymous_11)
DA:8,0
DA:58,0
DA:66,0
DA:67,0
DA:70,0
DA:71,0
DA:72,0
DA:73,0
DA:76,0
DA:79,0
DA:84,0
DA:86,0
DA:87,0
DA:88,0
DA:98,0
DA:99,0
DA:102,0
DA:103,0
DA:105,0
DA:112,0
DA:124,0
DA:125,0
DA:128,0
DA:136,0
DA:137,0
DA:138,0
DA:139,0
DA:147,0
DA:148,0
DA:149,0
DA:150,0
DA:163,0
DA:164,0
DA:165,0
DA:166,0
DA:167,0
DA:168,0
DA:169,0
DA:172,0
DA:173,0
DA:175,0
DA:183,0
DA:184,0
DA:186,0
DA:187,0
DA:188,0
DA:189,0
DA:190,0
DA:191,0
DA:192,0
DA:193,0
DA:199,0
DA:207,0
DA:208,0
DA:211,0
DA:225,0
DA:232,0
DA:245,0
DA:246,0
DA:247,0
DA:248,0
DA:250,0
DA:251,0
DA:255,0
DA:256,0
LF:65
LH:0
BRDA:65,0,0,0
BRDA:66,1,0,0
BRDA:66,1,1,0
BRDA:72,2,0,0
BRDA:72,2,1,0
BRDA:98,3,0,0
BRDA:98,3,1,0
BRDA:103,4,0,0
BRDA:103,4,1,0
BRDA:114,5,0,0
BRDA:114,5,1,0
BRDA:124,6,0,0
BRDA:124,6,1,0
BRDA:128,7,0,0
BRDA:128,7,1,0
BRDA:136,8,0,0
BRDA:136,8,1,0
BRDA:136,9,0,0
BRDA:136,9,1,0
BRDA:149,10,0,0
BRDA:149,10,1,0
BRDA:149,11,0,0
BRDA:149,11,1,0
BRDA:162,12,0,0
BRDA:184,13,0,0
BRDA:184,13,1,0
BRDA:189,14,0,0
BRDA:189,14,1,0
BRDA:191,15,0,0
BRDA:191,15,1,0
BRDA:208,16,0,0
BRDA:208,16,1,0
BRDA:222,17,0,0
BRDA:222,17,1,0
BRDA:222,18,0,0
BRDA:222,18,1,0
BRDA:229,19,0,0
BRDA:229,19,1,0
BRDA:229,20,0,0
BRDA:229,20,1,0
BRDA:246,21,0,0
BRDA:246,21,1,0
BRF:42
BRH:0
end_of_record
TN:
SF:js/services/tableUpdater.js
FN:8,updateCountryRows
FN:38,(anonymous_1)
FN:139,updateCalculations
FN:148,(anonymous_3)
FN:182,updateSummaryRow
FN:210,calculateSummary
FN:218,(anonymous_6)
FN:247,validateDaysInputs
FN:251,(anonymous_8)
FN:252,(anonymous_9)
FN:271,isLeapYear
FN:280,formatNumber
FN:290,getInsuranceLabel
FNF:13
FNH:0
FNDA:0,updateCountryRows
FNDA:0,(anonymous_1)
FNDA:0,updateCalculations
FNDA:0,(anonymous_3)
FNDA:0,updateSummaryRow
FNDA:0,calculateSummary
FNDA:0,(anonymous_6)
FNDA:0,validateDaysInputs
FNDA:0,(anonymous_8)
FNDA:0,(anonymous_9)
FNDA:0,isLeapYear
FNDA:0,formatNumber
FNDA:0,getInsuranceLabel
DA:9,0
DA:10,0
DA:12,0
DA:13,0
DA:16,0
DA:38,0
DA:39,0
DA:40,0
DA:42,0
DA:43,0
DA:44,0
DA:47,0
DA:49,0
DA:108,0
DA:111,0
DA:112,0
DA:130,0
DA:133,0
DA:140,0
DA:141,0
DA:142,0
DA:143,0
DA:144,0
DA:145,0
DA:148,0
DA:149,0
DA:150,0
DA:152,0
DA:153,0
DA:156,0
DA:157,0
DA:158,0
DA:159,0
DA:160,0
DA:163,0
DA:164,0
DA:165,0
DA:166,0
DA:167,0
DA:171,0
DA:183,0
DA:184,0
DA:186,0
DA:187,0
DA:190,0
DA:211,0
DA:212,0
DA:213,0
DA:214,0
DA:215,0
DA:216,0
DA:218,0
DA:219,0
DA:220,0
DA:222,0
DA:223,0
DA:224,0
DA:225,0
DA:226,0
DA:229,0
DA:230,0
DA:233,0
DA:248,0
DA:249,0
DA:251,0
DA:252,0
DA:253,0
DA:254,0
DA:255,0
DA:257,0
DA:258,0
DA:260,0
DA:272,0
DA:281,0
DA:282,0
DA:291,0
DA:292,0
DA:293,0
DA:294,0
DA:295,0
LF:80
LH:0
BRDA:10,0,0,0
BRDA:10,0,1,0
BRDA:40,1,0,0
BRDA:40,1,1,0
BRDA:42,2,0,0
BRDA:42,2,1,0
BRDA:43,3,0,0
BRDA:43,3,1,0
BRDA:44,4,0,0
BRDA:44,4,1,0
BRDA:54,5,0,0
BRDA:54,5,1,0
BRDA:60,6,0,0
BRDA:60,6,1,0
BRDA:61,7,0,0
BRDA:61,7,1,0
BRDA:62,8,0,0
BRDA:62,8,1,0
BRDA:63,9,0,0
BRDA:63,9,1,0
BRDA:64,10,0,0
BRDA:64,10,1,0
BRDA:68,11,0,0
BRDA:68,11,1,0
BRDA:70,12,0,0
BRDA:70,12,1,0
BRDA:71,13,0,0
BRDA:71,13,1,0
BRDA:73,14,0,0
BRDA:73,14,1,0
BRDA:75,15,0,0
BRDA:75,15,1,0
BRDA:81,16,0,0
BRDA:81,16,1,0
BRDA:99,17,0,0
BRDA:99,17,1,0
BRDA:100,18,0,0
BRDA:100,18,1,0
BRDA:101,19,0,0
BRDA:101,19,1,0
BRDA:102,20,0,0
BRDA:102,20,1,0
BRDA:103,21,0,0
BRDA:103,21,1,0
BRDA:150,22,0,0
BRDA:150,22,1,0
BRDA:160,23,0,0
BRDA:160,23,1,0
BRDA:163,24,0,0
BRDA:163,24,1,0
BRDA:164,25,0,0
BRDA:164,25,1,0
BRDA:165,26,0,0
BRDA:165,26,1,0
BRDA:166,27,0,0
BRDA:166,27,1,0
BRDA:167,28,0,0
BRDA:167,28,1,0
BRDA:184,29,0,0
BRDA:184,29,1,0
BRDA:187,30,0,0
BRDA:187,30,1,0
BRDA:222,31,0,0
BRDA:222,31,1,0
BRDA:223,32,0,0
BRDA:223,32,1,0
BRDA:224,33,0,0
BRDA:224,33,1,0
BRDA:225,34,0,0
BRDA:225,34,1,0
BRDA:226,35,0,0
BRDA:226,35,1,0
BRDA:230,36,0,0
BRDA:230,36,1,0
BRDA:253,37,0,0
BRDA:253,37,1,0
BRDA:255,38,0,0
BRDA:255,38,1,0
BRDA:257,39,0,0
BRDA:257,39,1,0
BRDA:272,40,0,0
BRDA:272,40,1,0
BRDA:272,40,2,0
BRDA:281,41,0,0
BRDA:281,41,1,0
BRDA:281,42,0,0
BRDA:281,42,1,0
BRDA:291,43,0,0
BRDA:291,43,1,0
BRDA:291,43,2,0
BRDA:291,43,3,0
BRF:91
BRH:0
end_of_record
TN:
SF:js/services/taxCalculator.js
FN:9,calculateTaxForCountry
FN:77,calculateProgressiveTax
FN:82,(anonymous_2)
FN:114,calculateCountryBenefits
FN:126,(anonymous_4)
FN:135,(anonymous_5)
FN:143,(anonymous_6)
FN:171,getCustomTaxCalculation
FNF:8
FNH:0
FNDA:0,calculateTaxForCountry
FNDA:0,calculateProgressiveTax
FNDA:0,(anonymous_2)
FNDA:0,calculateCountryBenefits
FNDA:0,(anonymous_4)
FNDA:0,(anonymous_5)
FNDA:0,(anonymous_6)
FNDA:0,getCustomTaxCalculation
DA:10,0
DA:11,0
DA:12,0
DA:23,0
DA:24,0
DA:25,0
DA:28,0
DA:29,0
DA:32,0
DA:33,0
DA:34,0
DA:37,0
DA:41,0
DA:44,0
DA:47,0
DA:50,0
DA:53,0
DA:56,0
DA:59,0
DA:78,0
DA:79,0
DA:82,0
DA:84,0
DA:85,0
DA:86,0
DA:88,0
DA:90,0
DA:91,0
DA:94,0
DA:98,0
DA:99,0
DA:101,0
DA:105,0
DA:116,0
DA:117,0
DA:119,0
DA:120,0
DA:123,0
DA:125,0
DA:126,0
DA:127,0
DA:131,0
DA:132,0
DA:135,0
DA:136,0
DA:138,0
DA:142,0
DA:143,0
DA:144,0
DA:146,0
DA:147,0
DA:149,0
DA:150,0
DA:153,0
DA:161,0
DA:175,0
LF:56
LH:0
BRDA:11,0,0,0
BRDA:11,0,1,0
BRDA:23,1,0,0
BRDA:23,1,1,0
BRDA:24,2,0,0
BRDA:24,2,1,0
BRDA:28,3,0,0
BRDA:28,3,1,0
BRDA:29,4,0,0
BRDA:29,4,1,0
BRDA:29,4,2,0
BRDA:33,5,0,0
BRDA:33,5,1,0
BRDA:33,6,0,0
BRDA:33,6,1,0
BRDA:41,7,0,0
BRDA:41,7,1,0
BRDA:44,8,0,0
BRDA:44,8,1,0
BRDA:50,9,0,0
BRDA:50,9,1,0
BRDA:56,10,0,0
BRDA:56,10,1,0
BRDA:65,11,0,0
BRDA:65,11,1,0
BRDA:88,12,0,0
BRDA:88,12,1,0
BRDA:94,13,0,0
BRDA:94,13,1,0
BRDA:101,14,0,0
BRDA:101,14,1,0
BRDA:117,15,0,0
BRDA:117,15,1,0
BRDA:117,16,0,0
BRDA:117,16,1,0
BRDA:123,17,0,0
BRDA:123,17,1,0
BRDA:125,18,0,0
BRDA:125,18,1,0
BRDA:125,19,0,0
BRDA:125,19,1,0
BRDA:127,20,0,0
BRDA:127,20,1,0
BRDA:127,20,2,0
BRDA:142,21,0,0
BRDA:142,21,1,0
BRDA:142,22,0,0
BRDA:142,22,1,0
BRDA:144,23,0,0
BRDA:144,23,1,0
BRDA:144,24,0,0
BRDA:144,24,1,0
BRDA:144,24,2,0
BRDA:149,25,0,0
BRDA:149,25,1,0
BRDA:150,26,0,0
BRDA:150,26,1,0
BRF:57
BRH:0
end_of_record
TN:
SF:js/services/templateLoader.js
FN:10,loadTemplates
FN:32,renderComponent
FN:47,html
FN:48,(anonymous_3)
FNF:4
FNH:0
FNDA:0,loadTemplates
FNDA:0,renderComponent
FNDA:0,html
FNDA:0,(anonymous_3)
DA:11,0
DA:13,0
DA:16,0
DA:17,0
DA:18,0
DA:20,0
DA:22,0
DA:23,0
DA:33,0
DA:34,0
DA:35,0
DA:37,0
DA:48,0
DA:49,0
DA:50,0
LF:15
LH:0
BRDA:34,0,0,0
BRDA:34,0,1,0
BRDA:49,1,0,0
BRDA:49,1,1,0
BRDA:50,2,0,0
BRDA:50,2,1,0
BRF:6
BRH:0
end_of_record
TN:
SF:src/__tests__/testHelpers.js
FN:11,runCliCommand
FN:32,apiRequest
FN:52,mockConsole
FN:58,(anonymous_3)
FN:59,(anonymous_4)
FN:60,(anonymous_5)
FN:63,(anonymous_6)
FNF:7
FNH:0
FNDA:0,runCliCommand
FNDA:0,apiRequest
FNDA:0,mockConsole
FNDA:0,(anonymous_3)
FNDA:0,(anonymous_4)
FNDA:0,(anonymous_5)
FNDA:0,(anonymous_6)
DA:4,0
DA:12,0
DA:13,0
DA:14,0
DA:16,0
DA:33,0
DA:34,0
DA:36,0
DA:44,0
DA:45,0
DA:53,0
DA:54,0
DA:55,0
DA:56,0
DA:58,0
DA:59,0
DA:60,0
DA:63,0
DA:64,0
DA:65,0
DA:68,0
LF:21
LH:0
BRDA:17,0,0,0
BRDA:17,0,1,0
BRDA:18,1,0,0
BRDA:18,1,1,0
BRDA:41,2,0,0
BRDA:41,2,1,0
BRF:6
BRH:0
end_of_record
TN:
SF:src/api/server.js
FN:17,(anonymous_0)
FN:26,(anonymous_1)
FN:48,(anonymous_2)
FN:88,(anonymous_3)
FN:108,(anonymous_4)
FN:130,(anonymous_5)
FN:143,(anonymous_6)
FN:153,(anonymous_7)
FN:158,(anonymous_8)
FN:163,(anonymous_9)
FN:165,(anonymous_10)
FNF:11
FNH:0
FNDA:0,(anonymous_0)
FNDA:0,(anonymous_1)
FNDA:0,(anonymous_2)
FNDA:0,(anonymous_3)
FNDA:0,(anonymous_4)
FNDA:0,(anonymous_5)
FNDA:0,(anonymous_6)
FNDA:0,(anonymous_7)
FNDA:0,(anonymous_8)
FNDA:0,(anonymous_9)
FNDA:0,(anonymous_10)
DA:7,0
DA:8,0
DA:11,0
DA:12,0
DA:17,0
DA:18,0
DA:19,0
DA:26,0
DA:27,0
DA:29,0
DA:30,0
DA:33,0
DA:34,0
DA:37,0
DA:38,0
DA:41,0
DA:42,0
DA:48,0
DA:49,0
DA:50,0
DA:53,0
DA:60,0
DA:77,0
DA:78,0
DA:88,0
DA:89,0
DA:91,0
DA:98,0
DA:100,0
DA:101,0
DA:108,0
DA:109,0
DA:110,0
DA:111,0
DA:113,0
DA:114,0
DA:120,0
DA:122,0
DA:123,0
DA:130,0
DA:131,0
DA:132,0
DA:133,0
DA:135,0
DA:136,0
DA:143,0
DA:144,0
DA:153,0
DA:154,0
DA:158,0
DA:159,0
DA:163,0
DA:164,0
DA:165,0
DA:166,0
DA:167,0
LF:56
LH:0
BRDA:8,0,0,0
BRDA:8,0,1,0
BRDA:21,1,0,0
BRDA:21,1,1,0
BRDA:27,2,0,0
BRDA:27,3,0,0
BRDA:27,4,0,0
BRDA:29,5,0,0
BRDA:29,5,1,0
BRDA:33,6,0,0
BRDA:33,6,1,0
BRDA:33,7,0,0
BRDA:33,7,1,0
BRDA:37,8,0,0
BRDA:37,8,1,0
BRDA:37,9,0,0
BRDA:37,9,1,0
BRDA:37,9,2,0
BRDA:68,10,0,0
BRDA:68,10,1,0
BRDA:113,11,0,0
BRDA:113,11,1,0
BRDA:147,12,0,0
BRDA:147,12,1,0
BRDA:148,13,0,0
BRDA:148,13,1,0
BRF:26
BRH:0
end_of_record
TN:
SF:src/cli/tax-cli.js
FN:33,apiRequest
FN:60,formatCurrency
FN:78,(anonymous_2)
FN:119,(anonymous_3)
FN:123,(anonymous_4)
FN:146,(anonymous_5)
FN:157,(anonymous_6)
FN:173,(anonymous_7)
FN:185,(anonymous_8)
FN:205,(anonymous_9)
FNF:10
FNH:0
FNDA:0,apiRequest
FNDA:0,formatCurrency
FNDA:0,(anonymous_2)
FNDA:0,(anonymous_3)
FNDA:0,(anonymous_4)
FNDA:0,(anonymous_5)
FNDA:0,(anonymous_6)
FNDA:0,(anonymous_7)
FNDA:0,(anonymous_8)
FNDA:0,(anonymous_9)
DA:8,0
DA:11,0
DA:14,0
DA:26,0
DA:34,0
DA:35,0
DA:37,0
DA:38,0
DA:46,0
DA:48,0
DA:49,0
DA:52,0
DA:54,0
DA:55,0
DA:61,0
DA:70,0
DA:79,0
DA:80,0
DA:93,0
DA:98,0
DA:109,0
DA:110,0
DA:113,0
DA:114,0
DA:119,0
DA:120,0
DA:121,0
DA:123,0
DA:125,0
DA:129,0
DA:133,0
DA:134,0
DA:137,0
DA:138,0
DA:143,0
DA:147,0
DA:148,0
DA:152,0
DA:157,0
DA:158,0
DA:161,0
DA:162,0
DA:164,0
DA:165,0
DA:170,0
DA:174,0
DA:175,0
DA:180,0
DA:185,0
DA:186,0
DA:187,0
DA:189,0
DA:193,0
DA:194,0
DA:196,0
DA:197,0
DA:202,0
DA:206,0
DA:207,0
DA:209,0
DA:214,0
DA:221,0
DA:222,0
DA:224,0
DA:225,0
DA:230,0
DA:231,0
DA:235,0
LF:68
LH:0
BRDA:33,0,0,0
BRDA:34,1,0,0
BRDA:43,2,0,0
BRDA:43,2,1,0
BRDA:48,3,0,0
BRDA:48,3,1,0
BRDA:49,4,0,0
BRDA:49,4,1,0
BRDA:60,5,0,0
BRDA:102,6,0,0
BRDA:102,6,1,0
BRDA:113,7,0,0
BRDA:113,7,1,0
BRDA:120,8,0,0
BRDA:120,8,1,0
BRDA:120,9,0,0
BRDA:120,9,1,0
BRDA:125,10,0,0
BRDA:125,10,1,0
BRDA:186,11,0,0
BRDA:186,11,1,0
BRDA:230,12,0,0
BRDA:230,12,1,0
BRF:23
BRH:0
end_of_record
